<?xml version="1.0" encoding="UTF-8"?>
<!-- Generated by org.testng.reporters.JUnitReportReporter -->
<testsuite hostname="TABLET-035DO2R9" failures="0" tests="1" name="com.pojo.SerilizationAndDesrialization" time="3.403" errors="0" timestamp="2024-01-25T16:23:50 GMT-06:00" skipped="0">
  <testcase classname="com.pojo.SerilizationAndDesrialization" name="creatJSONObjectFromEmployeClassObject" time="3.403"/>
  <system-out/>
</testsuite> <!-- com.pojo.SerilizationAndDesrialization -->
