<?xml version="1.0" encoding="UTF-8"?>
<!-- Generated by org.testng.reporters.JUnitReportReporter -->
<testsuite hostname="TABLET-035DO2R9" failures="0" tests="1" name="com.pojo.JsonArrayPojoObject" time="3.080" errors="0" timestamp="2024-01-25T17:12:12 GMT-06:00" skipped="0">
  <testcase classname="com.pojo.JsonArrayPojoObject" name="createEmployeeJsonArrayObjet" time="3.080"/>
  <system-out/>
</testsuite> <!-- com.pojo.JsonArrayPojoObject -->
